<?xml version="1.0" encoding="UTF-8"?>
<!-- Generated by org.testng.reporters.JUnitReportReporter -->
<testsuite hostname="dell09061" name="testNG.TestNG_Finito" tests="4" failures="0" timestamp="18 Dec 2013 15:26:05 GMT" time="1.827" errors="0">
  <testcase name="testCreerPartie" time="0.518" classname="testNG.TestNG_Finito"/>
  <testcase name="testInscriptionJoueurs" time="1.131" classname="testNG.TestNG_Finito"/>
  <testcase name="testConnexionJoueur" time="0.024" classname="testNG.TestNG_Finito"/>
  <testcase name="testRejoindrePartie" time="0.154" classname="testNG.TestNG_Finito"/>
</testsuite> <!-- testNG.TestNG_Finito -->
